urlaubsguru
milya.neu
mr_shoesart
gulfinarboyraz
lisalexss
lochdorf
shivan_photography_12
klliingerose
norisa.meli
irinakchnw
nicolle.anissia
_jacquelineschulz_
edacnan
gazelle41
saltbae_official
henry_vento
katja7520
jenny.mod
lovebyana
mkaterm
fzaralein
wilhelmipatrick
chaisy21
alina_hailer
dosouvenirs
misscanse
vadim_.187
bas10line
rebekka.corcodel
joanna.kouzina
fraeulein_smilla_2015
torsten.knoll
b.mac86415
patrickkozdon
danieldiazgonzalez82
florian_hnz1
eike.mue_2
floinho10
lifestylecircus
d3_n_i_z
_chris_tina_88_
fyzllh_trgt_72
ilyas.0765
__shellyt__
cicek_cicek_cic
chillkill76
liiinda_22
golamsekhirasooli
busrkpcu
jaizi1982
mic0273
